<?xml version="1.0" encoding="UTF-8"?>
<!-- Generated by org.testng.reporters.JUnitReportReporter -->
<testsuite hostname="azhar" failures="0" tests="1" name="com.test.login" time="16.042" errors="0" timestamp="2023-01-18T16:37:10 IST" skipped="0">
  <testcase classname="com.test.login" name="loginpage" time="16.042"/>
  <system-out/>
</testsuite> <!-- com.test.login -->
