<?xml version="1.0" encoding="UTF-8"?>
<!-- Generated by org.testng.reporters.JUnitReportReporter -->
<testsuite hostname="azhar" failures="0" tests="1" name="com.test.Homepage" time="16.642" errors="0" timestamp="2023-01-18T16:42:31 IST" skipped="0">
  <testcase classname="com.test.Homepage" name="homePage" time="16.642"/>
  <system-out/>
</testsuite> <!-- com.test.Homepage -->
